
============================================================
CAMPANA OUTLET CALZALINDO - Batch 3
Template: outlet_te_extranamos
Contactos elegibles: 2157 (de 4369 totales)
Ya enviados: 4820 | Opt-out: 8
Batch: 2157 contactos (offset 0)
Modo: ENVIO REAL
Hora: 12:43
============================================================

[1/2157] ZARCO, MICAELA -> 5493465668829 OK (wamid.HBgNNTQ5MzQ2NT...)
[2/2157] BOGO, ANAHI -> 5493468506691 OK (wamid.HBgNNTQ5MzQ2OD...)
[3/2157] VIDELA, ALEJANDRA -> 5493465534373 OK (wamid.HBgNNTQ5MzQ2NT...)
[4/2157] CONZOLI, ALICIA -> 5493465534094 OK (wamid.HBgNNTQ5MzQ2NT...)
[5/2157] FUERTES, JIMENA -> 5493468648827 OK (wamid.HBgNNTQ5MzQ2OD...)
[6/2157] ROSSETTO, MARIANA -> 5493468539182 OK (wamid.HBgNNTQ5MzQ2OD...)
[7/2157] BUSTAMANTE , CARINA -> 5493468524992 OK (wamid.HBgNNTQ5MzQ2OD...)
[8/2157] ILARI DANIEL -> 5493461502866 OK (wamid.HBgNNTQ5MzQ2MT...)
[9/2157] RIGUEL, GLADIS -> 5493468644687 OK (wamid.HBgNNTQ5MzQ2OD...)
[10/2157] GALDINI, YHOANA -> 5493469407994 OK (wamid.HBgNNTQ5MzQ2OT...)
[11/2157] LEPORE, MARIELA -> 5493465657266 OK (wamid.HBgNNTQ5MzQ2NT...)
[12/2157] DAMARIO, VICTOR HUGO -> 5493468647818 OK (wamid.HBgNNTQ5MzQ2OD...)
[13/2157] VICENTE, LINA -> 5493468640153 OK (wamid.HBgNNTQ5MzQ2OD...)
[14/2157] ZARATE, ANGEL ALFREDO -> 5493468407641 OK (wamid.HBgNNTQ5MzQ2OD...)
[15/2157] GVOZDENOVICH, ROCIO -> 5493468517555 OK (wamid.HBgNNTQ5MzQ2OD...)
[16/2157] CENTENO, ALDANA -> 5493468646219 OK (wamid.HBgNNTQ5MzQ2OD...)
[17/2157] LA VIÑA SRL -> 5493468407841 OK (wamid.HBgNNTQ5MzQ2OD...)
[18/2157] ESPOSITO, VICTORIA -> 5493468569017 OK (wamid.HBgNNTQ5MzQ2OD...)
[19/2157] CONTUMAS, YESICA -> 5493463410780 OK (wamid.HBgNNTQ5MzQ2Mz...)
[20/2157] CINALLI , MARIO -> 5493465669894 OK (wamid.HBgNNTQ5MzQ2NT...)
[21/2157] CAILLET BOIS, DANIEL -> 5493463450358 OK (wamid.HBgNNTQ5MzQ2Mz...)
[22/2157] ARAGON, LEONARDO -> 5493468512061 OK (wamid.HBgNNTQ5MzQ2OD...)
[23/2157] NOGARATO, CAMILA -> 5493465657871 OK (wamid.HBgNNTQ5MzQ2NT...)
[24/2157] PICINATO JOANA -> 5493465653496 OK (wamid.HBgNNTQ5MzQ2NT...)
[25/2157] LUCERO BRENDA -> 5493462686943 OK (wamid.HBgNNTQ5MzQ2Mj...)
[26/2157] GAITAN, SERGIO DARIO -> 5493462596141 OK (wamid.HBgNNTQ5MzQ2Mj...)
[27/2157] PEREYRA STELLA MARIAS -> 5493462536895 OK (wamid.HBgNNTQ5MzQ2Mj...)
[28/2157] SANCHEZ, CAROLINA -> 5493462514557 OK (wamid.HBgNNTQ5MzQ2Mj...)
[29/2157] dabove claudia mabel -> 5493462546100 OK (wamid.HBgNNTQ5MzQ2Mj...)
[30/2157] BRAVO, PABLO -> 5493462619822 OK (wamid.HBgNNTQ5MzQ2Mj...)
[31/2157] lumbardini debora soledad -> 54934624457963 OK (wamid.HBgONTQ5MzQ2Mj...)
[32/2157] SEGOVIA, VANESA -> 5493462647594 OK (wamid.HBgNNTQ5MzQ2Mj...)
[33/2157] FERREYRA , JOEL -> 5493462542588 OK (wamid.HBgNNTQ5MzQ2Mj...)
[34/2157] LAMAS, MELISA JANINA -> 5493462321448 OK (wamid.HBgNNTQ5MzQ2Mj...)
[35/2157] ymbrogno natalia celina -> 5493462651813 OK (wamid.HBgNNTQ5MzQ2Mj...)
[36/2157] NOTA, MARIA DEL CARMEN -> 5493462552791 OK (wamid.HBgNNTQ5MzQ2Mj...)
[37/2157] vivas monica rosa -> 5493462411225 OK (wamid.HBgNNTQ5MzQ2Mj...)
[38/2157] Gaiano gisela -> 5493462466524 OK (wamid.HBgNNTQ5MzQ2Mj...)
[39/2157] FESTE LAURA JOSEFA -> 5493462622530 OK (wamid.HBgNNTQ5MzQ2Mj...)
[40/2157] RACCA, SILVIO -> 5493468535653 OK (wamid.HBgNNTQ5MzQ2OD...)
[41/2157] Roldan Maria Eugenia -> 5493462516039 OK (wamid.HBgNNTQ5MzQ2Mj...)
[42/2157] GALVAN PATRICIA -> 5493462466170 OK (wamid.HBgNNTQ5MzQ2Mj...)
[43/2157] VERON, ARIEL -> 5493462505230 OK (wamid.HBgNNTQ5MzQ2Mj...)
[44/2157] LACOSTE, DAMARIS -> 5493462590385 OK (wamid.HBgNNTQ5MzQ2Mj...)
[45/2157] Pereira Patricia -> 5493462552206 OK (wamid.HBgNNTQ5MzQ2Mj...)
[46/2157] ENRIQUEZ , JUAN -> 5493462340778 OK (wamid.HBgNNTQ5MzQ2Mj...)
[47/2157] LOPEZ, ADRIANA -> 5493462528322 OK (wamid.HBgNNTQ5MzQ2Mj...)
[48/2157] Romero Gabriel -> 5493462511843 OK (wamid.HBgNNTQ5MzQ2Mj...)
[49/2157] andersen raul oscar -> 5493462670841 OK (wamid.HBgNNTQ5MzQ2Mj...)
[50/2157] GONZALEZ, CARLOS ALBERTO -> 5493462526851 OK (wamid.HBgNNTQ5MzQ2Mj...)
[51/2157] galeano sandra -> 5493462548537 OK (wamid.HBgNNTQ5MzQ2Mj...)
[52/2157] GALICIO SUSANA -> 5493462545456 OK (wamid.HBgNNTQ5MzQ2Mj...)
[53/2157] MARQUEZ, NELSON -> 5493468554584 OK (wamid.HBgNNTQ5MzQ2OD...)
[54/2157] GALIANO PATRICIA MONICA -> 5493462591771 OK (wamid.HBgNNTQ5MzQ2Mj...)
[55/2157] PALUMBO, LUISINA -> 5493462543809 OK (wamid.HBgNNTQ5MzQ2Mj...)
[56/2157] FARIAS, CHIARA -> 5493462546079 OK (wamid.HBgNNTQ5MzQ2Mj...)
[57/2157] NAVARRO, DEBORA -> 5493462604631 OK (wamid.HBgNNTQ5MzQ2Mj...)
[58/2157] DEL MONACO, LUZ MARIA -> 5493462675323 OK (wamid.HBgNNTQ5MzQ2Mj...)
[59/2157] DAVIES JAVIER -> 5493462545301 OK (wamid.HBgNNTQ5MzQ2Mj...)
[60/2157] CALDERON, BIANCA -> 5493462612442 OK (wamid.HBgNNTQ5MzQ2Mj...)
[61/2157] CHARIANI, MARIO -> 5493465659261 OK (wamid.HBgNNTQ5MzQ2NT...)
[62/2157] GOMEZ, GASTON -> 5493462595365 OK (wamid.HBgNNTQ5MzQ2Mj...)
[63/2157] PRATS NANCY RAMONA -> 5493462547074 OK (wamid.HBgNNTQ5MzQ2Mj...)
[64/2157] GAJON SOFIA SOLEDAD -> 5493462651776 OK (wamid.HBgNNTQ5MzQ2Mj...)
[65/2157] semprini victoria liliana -> 5493462660554 OK (wamid.HBgNNTQ5MzQ2Mj...)
[66/2157] MEDINA, JOSE -> 5493462570320 OK (wamid.HBgNNTQ5MzQ2Mj...)
[67/2157] longoni leandro dario -> 54934626057476 OK (wamid.HBgONTQ5MzQ2Mj...)
[68/2157] Vivas Graciela -> 5493462535576 OK (wamid.HBgNNTQ5MzQ2Mj...)
[69/2157] BENGOECHEA, JUAN -> 5493462634822 OK (wamid.HBgNNTQ5MzQ2Mj...)
[70/2157] CANDAMIL, ANAHI -> 5493462500540 OK (wamid.HBgNNTQ5MzQ2Mj...)
[71/2157] Yanieri Elena Viviana -> 5493462697240 OK (wamid.HBgNNTQ5MzQ2Mj...)
[72/2157] Gabbi Marcela -> 5493462327481 OK (wamid.HBgNNTQ5MzQ2Mj...)
[73/2157] AGUILAR LILIANA -> 5493462506797 OK (wamid.HBgNNTQ5MzQ2Mj...)
[74/2157] Dabove marcela veronica -> 5493462685779 OK (wamid.HBgNNTQ5MzQ2Mj...)
[75/2157] Gremoli Sandra Romina -> 5493462660146 OK (wamid.HBgNNTQ5MzQ2Mj...)
[76/2157] porta rosaura ayelen -> 5493462609485 OK (wamid.HBgNNTQ5MzQ2Mj...)
[77/2157] GUIDA, GUILLERMINA -> 5493462574566 OK (wamid.HBgNNTQ5MzQ2Mj...)
[78/2157] ENSINA, ALDANA -> 5493462647576 OK (wamid.HBgNNTQ5MzQ2Mj...)
[79/2157] Moyano Lida -> 5493462514134 OK (wamid.HBgNNTQ5MzQ2Mj...)
[80/2157] ANGELIS , CLAUDIA -> 5493462663740 OK (wamid.HBgNNTQ5MzQ2Mj...)
[81/2157] OLMOS , NANCY -> 5493462562356 OK (wamid.HBgNNTQ5MzQ2Mj...)
[82/2157] DOCTOROVICH, EDUARDO -> 5493462300088 OK (wamid.HBgNNTQ5MzQ2Mj...)
[83/2157] GIMENEZ, DAIANA -> 5493462500647 OK (wamid.HBgNNTQ5MzQ2Mj...)
[84/2157] CUELLO CARLOS -> 5493462510246 OK (wamid.HBgNNTQ5MzQ2Mj...)
[85/2157] RIVOIRA NATALI -> 5493462365845 OK (wamid.HBgNNTQ5MzQ2Mj...)
[86/2157] LENCINA, HUMBERTO MIGUEL -> 5493462241707 OK (wamid.HBgNNTQ5MzQ2Mj...)
[87/2157] CORTEZ, STELLA MARIS -> 5493462317091 OK (wamid.HBgNNTQ5MzQ2Mj...)
[88/2157] ORSI, MONICA -> 5493462598886 OK (wamid.HBgNNTQ5MzQ2Mj...)
[89/2157] Leandro Luciani -> 5493462638586 OK (wamid.HBgNNTQ5MzQ2Mj...)
[90/2157] SOTO, AGUSTINA -> 5493462381698 OK (wamid.HBgNNTQ5MzQ2Mj...)
[91/2157] OLIVERA LUDMILA -> 5493462390934 OK (wamid.HBgNNTQ5MzQ2Mj...)
[92/2157] GONZALEZ, LUIS ALFREDO -> 5493462506443 OK (wamid.HBgNNTQ5MzQ2Mj...)
[93/2157] Quinteros Elsira -> 5493462505503 OK (wamid.HBgNNTQ5MzQ2Mj...)
[94/2157] ROSALES, RUBEN -> 5493462617652 OK (wamid.HBgNNTQ5MzQ2Mj...)
[95/2157] YOVANOVICH, JESICA -> 5493462539595 OK (wamid.HBgNNTQ5MzQ2Mj...)
[96/2157] Medina Maria Cristina -> 5493462525491 OK (wamid.HBgNNTQ5MzQ2Mj...)
[97/2157] ROMERO, SOFIA -> 5493462648407 OK (wamid.HBgNNTQ5MzQ2Mj...)
[98/2157] Trotta Ilda -> 5493462628986 OK (wamid.HBgNNTQ5MzQ2Mj...)
[99/2157] Roman marisela -> 5493462626788 OK (wamid.HBgNNTQ5MzQ2Mj...)
[100/2157] FIGUEROA, CLAUDIO -> 5493462649653 OK (wamid.HBgNNTQ5MzQ2Mj...)

--- Pausa de 3 min (cada 100) ---
[101/2157] UDI, NORA EDIT -> 5493462688772 OK (wamid.HBgNNTQ5MzQ2Mj...)
[102/2157] Vidal Franco Ezequiel -> 5493462613548 OK (wamid.HBgNNTQ5MzQ2Mj...)
[103/2157] MARTIN , GUSTAVO -> 5493462561879 OK (wamid.HBgNNTQ5MzQ2Mj...)
