
============================================================
CAMPANA OUTLET CALZALINDO - Batch 3
Template: outlet_te_extranamos
Contactos elegibles: 3213 (de 4369 totales)
Ya enviados: 4820 | Opt-out: 8
Batch: 500 contactos (offset 0)
Modo: ENVIO REAL
Hora: 12:28
============================================================

[1/500] ROULET, ARIANA -> 5492364367944 OK (wamid.HBgNNTQ5MjM2ND...)
[2/500] CASSARINO, DANIEL RICARDO -> 5492364358128 OK (wamid.HBgNNTQ5MjM2ND...)
[3/500] VERGARA MAGALI LUCIA -> 5491515660630 OK (wamid.HBgNNTQ5MTExNT...)
[4/500] GUILLEN DIEGO LUIS -> 5492364620666 OK (wamid.HBgNNTQ5MjM2ND...)
[5/500] ZARCO, MICAELA -> 5493465668829 OK (wamid.HBgNNTQ5MzQ2NT...)
[6/500] BOGO, ANAHI -> 5493468506691 OK (wamid.HBgNNTQ5MzQ2OD...)
[7/500] VIDELA, ALEJANDRA -> 5493465534373 OK (wamid.HBgNNTQ5MzQ2NT...)
[8/500] GONZALEZ, LIZ -> 5492364608777 OK (wamid.HBgNNTQ5MjM2ND...)
[9/500] DE MARIA, MARTA -> 5492364413374 OK (wamid.HBgNNTQ5MjM2ND...)
[10/500] MASELLA, LUCIANA -> 5492364646904 OK (wamid.HBgNNTQ5MjM2ND...)
[11/500] ENRIQUE, ADRIAN -> 5492364694130 OK (wamid.HBgNNTQ5MjM2ND...)
[12/500] PADILLA, LILIANA -> 5492364668503 OK (wamid.HBgNNTQ5MjM2ND...)
[13/500] VEGA, ANA LUZ -> 5492364563423 OK (wamid.HBgNNTQ5MjM2ND...)
[14/500] MOSESCU, JUAN IGNACIO -> 5492216717996 OK (wamid.HBgNNTQ5MjIxNj...)
[15/500] BAEZ, NOELIA -> 5492364528252 OK (wamid.HBgNNTQ5MjM2ND...)
[16/500] TIBALDI, MARIA ESTER -> 5493584407822 OK (wamid.HBgNNTQ5MzU4ND...)
[17/500] MIGNACCO, DIEGO -> 5492364707810 OK (wamid.HBgNNTQ5MjM2ND...)
[18/500] CONZOLI, ALICIA -> 5493465534094 OK (wamid.HBgNNTQ5MzQ2NT...)
[19/500] GOICOCHEA, GRACIELA NOEMI -> 5492364555567 OK (wamid.HBgNNTQ5MjM2ND...)
[20/500] CAMPOS, MATIAS -> 5492364587362 OK (wamid.HBgNNTQ5MjM2ND...)
[21/500] REYES , CESAR LUIS -> 5492364455208 OK (wamid.HBgNNTQ5MjM2ND...)
[22/500] FLORES, JAVIER -> 5492364488888 OK (wamid.HBgNNTQ5MjM2ND...)
[23/500] BUGNICOURT, LORENA ANDREA -> 5492364507823 OK (wamid.HBgNNTQ5MjM2ND...)
[24/500] SBARBATI, GEORGINA -> 5492364669873 OK (wamid.HBgNNTQ5MjM2ND...)
[25/500] FUERTES, JIMENA -> 5493468648827 OK (wamid.HBgNNTQ5MzQ2OD...)
[26/500] Rocca Romina -> 5492364671464 OK (wamid.HBgNNTQ5MjM2ND...)
[27/500] MANCHO, ROCIO -> 5492364390802 OK (wamid.HBgNNTQ5MjM2ND...)
[28/500] ANDREOTI, NORBERTO -> 5492364572402 OK (wamid.HBgNNTQ5MjM2ND...)
[29/500] GIMENEZ, MIGUEL -> 5492473408845 OK (wamid.HBgNNTQ5MjQ3Mz...)
[30/500] TILBE, CLAUDIA MARCELA -> 5492364545524 OK (wamid.HBgNNTQ5MjM2ND...)
[31/500] BEAT Margarita -> 5492364659089 OK (wamid.HBgNNTQ5MjM2ND...)
[32/500] PEDERNERA, ESTEVAN -> 5492364624677 OK (wamid.HBgNNTQ5MjM2ND...)
[33/500] ROSSETTO, MARIANA -> 5493468539182 OK (wamid.HBgNNTQ5MzQ2OD...)
[34/500] BUSTAMANTE , CARINA -> 5493468524992 OK (wamid.HBgNNTQ5MzQ2OD...)
[35/500] ESCOSSETTO, GLADIS -> 5493382483702 OK (wamid.HBgNNTQ5MzM4Mj...)
[36/500] GIORDANO, NORMA -> 5492364383713 OK (wamid.HBgNNTQ5MjM2ND...)
[37/500] CAVALLOTTO ALISON INDUMENTARIA, ALICIA -> 5492364522178 OK (wamid.HBgNNTQ5MjM2ND...)
[38/500] BASILI, LAURA -> 5492364469935 OK (wamid.HBgNNTQ5MjM2ND...)
[39/500] VERDUM CCRISTINA -> 5492364696078 OK (wamid.HBgNNTQ5MjM2ND...)
[40/500] LUZURIAGA, LUCAS -> 5492302536020 OK (wamid.HBgNNTQ5MjMwMj...)
[41/500] CAPDEVILA, GRISELDA -> 5492364503058 OK (wamid.HBgNNTQ5MjM2ND...)
[42/500] MACHERATTI, DANIELA -> 5492364573675 OK (wamid.HBgNNTQ5MjM2ND...)
[43/500] CAVO, LILIA MARIA -> 5492364225776 OK (wamid.HBgNNTQ5MjM2ND...)
[44/500] GUZAMAN, MARIA -> 5492364322909 OK (wamid.HBgNNTQ5MjM2ND...)
[45/500] Morel Mariana Marisa -> 5491530711321 OK (wamid.HBgNNTQ5MTEzMD...)
[46/500] PACHELLO, AYLEN -> 5492364321406 OK (wamid.HBgNNTQ5MjM2ND...)
[47/500] BEATO, SUSANA -> 5492364625898 OK (wamid.HBgNNTQ5MjM2ND...)
[48/500] ILARI DANIEL -> 5493461502866 OK (wamid.HBgNNTQ5MzQ2MT...)
[49/500] OSCAR, CAñETE -> 5492364652350 OK (wamid.HBgNNTQ5MjM2ND...)
[50/500] MAGAN, MARTIN -> 5492364327266 OK (wamid.HBgNNTQ5MjM2ND...)
[51/500] percivale nancy -> 5492364648747 OK (wamid.HBgNNTQ5MjM2ND...)
[52/500] CISNEROS, ALEJANDRA -> 5492364558292 OK (wamid.HBgNNTQ5MjM2ND...)
[53/500] ROJAS, MAXIMILIANO -> 5492364609800 OK (wamid.HBgNNTQ5MjM2ND...)
[54/500] RIGUEL, GLADIS -> 5493468644687 OK (wamid.HBgNNTQ5MzQ2OD...)
[55/500] AYALA ALICIA CRISTINA -> 5493382677386 OK (wamid.HBgNNTQ5MzM4Mj...)
[56/500] CAVELIS, DAMIAN -> 5492235309354 OK (wamid.HBgNNTQ5MjIzNT...)
[57/500] ESQUIVEL, ESTELA -> 5492664665288 OK (wamid.HBgNNTQ5MjY2ND...)
[58/500] OBRADOR, MARGARITA -> 5492364363127 OK (wamid.HBgNNTQ5MjM2ND...)
[59/500] CAPELLI, RUBEN DARIO -> 5492364411737 OK (wamid.HBgNNTQ5MjM2ND...)
[60/500] GONZALEZ MARIA ISABEL -> 5492664882720 OK (wamid.HBgNNTQ5MjY2ND...)
[61/500] NUñEZ, MARIA EUGENIA -> 5492364339198 OK (wamid.HBgNNTQ5MjM2ND...)
[62/500] Santa MAria Alicia -> 5492364422557 OK (wamid.HBgNNTQ5MjM2ND...)
[63/500] BENITEZ, MARTIN -> 5493774469957 OK (wamid.HBgNNTQ5Mzc3ND...)
[64/500] GALDINI, YHOANA -> 5493469407994 OK (wamid.HBgNNTQ5MzQ2OT...)
[65/500] DEMATTEIS , VICTORIA AGUSTINA -> 5492392615447 OK (wamid.HBgNNTQ5MjM5Mj...)
[66/500] VALDEZ, MARIA ELENA -> 5492364345351 OK (wamid.HBgNNTQ5MjM2ND...)
[67/500] CHILLEMI, MARIA DE LOS ANGELES -> 5492364350319 OK (wamid.HBgNNTQ5MjM2ND...)
[68/500] BRAVO, GIULIANA -> 5493412115872 OK (wamid.HBgNNTQ5MzQxMj...)
[69/500] ANA, MODOLA -> 5492364546836 OK (wamid.HBgNNTQ5MjM2ND...)
[70/500] gonzalez nori elena -> 5493382449295 OK (wamid.HBgNNTQ5MzM4Mj...)
[71/500] fIGUERO rOLANDO sEBASTIAN -> 5493472629679 OK (wamid.HBgNNTQ5MzQ3Mj...)
[72/500] LEDESMA, VERóNICA ELIZABETH -> 5492364574392 OK (wamid.HBgNNTQ5MjM2ND...)
[73/500] GILES, VALENTINA -> 5492364555604 OK (wamid.HBgNNTQ5MjM2ND...)
[74/500] DE ELIAS, LEONARDO ARIEL -> 5492364315951 OK (wamid.HBgNNTQ5MjM2ND...)
[75/500] GUTIERREZ, MAIDA -> 5492364569057 OK (wamid.HBgNNTQ5MjM2ND...)
[76/500] SANTUCCI, JULIANA -> 5492364667123 OK (wamid.HBgNNTQ5MjM2ND...)
[77/500] TORRANO, MARIA -> 5492364591943 OK (wamid.HBgNNTQ5MjM2ND...)
[78/500] TORTI, CINTIA -> 5492364714745 OK (wamid.HBgNNTQ5MjM2ND...)
[79/500] LEPORE, MARIELA -> 5493465657266 OK (wamid.HBgNNTQ5MzQ2NT...)
[80/500] MERES, MYRIAM -> 5492364535367 OK (wamid.HBgNNTQ5MjM2ND...)
[81/500] BUSTAMANTE, GUSTAVO -> 5492364681033 OK (wamid.HBgNNTQ5MjM2ND...)
[82/500] BALBI, MARIA ALEJANDRA -> 5492364645733 OK (wamid.HBgNNTQ5MjM2ND...)
[83/500] SANTIAGO, CRISTINA -> 5492364529547 OK (wamid.HBgNNTQ5MjM2ND...)
[84/500] INSOGNA, MARIANA -> 5492364310008 OK (wamid.HBgNNTQ5MjM2ND...)
[85/500] LAGORIO, GLADYS -> 5492364703606 OK (wamid.HBgNNTQ5MjM2ND...)
[86/500] CASTRILLON, CLAUDIO -> 5492355412014 OK (wamid.HBgNNTQ5MjM1NT...)
[87/500] DAMARIO, VICTOR HUGO -> 5493468647818 OK (wamid.HBgNNTQ5MzQ2OD...)
[88/500] CHARI, ESTER -> 5492364508071 OK (wamid.HBgNNTQ5MjM2ND...)
[89/500] RACCA, MARIA ELENA -> 5492364553461 OK (wamid.HBgNNTQ5MjM2ND...)
[90/500] CENTENO , YAMILA -> 5492364303337 OK (wamid.HBgNNTQ5MjM2ND...)
[91/500] TOMASELLA, ANGELINA -> 5492364534316 OK (wamid.HBgNNTQ5MjM2ND...)
[92/500] ABRAHAM, SASHA MELINA -> 5492364663829 OK (wamid.HBgNNTQ5MjM2ND...)
[93/500] HERNANDEZ, ROCIO -> 5492364662666 OK (wamid.HBgNNTQ5MjM2ND...)
[94/500] HANKIN, PAULINA -> 5492364587318 OK (wamid.HBgNNTQ5MjM2ND...)
[95/500] VICENTE, LINA -> 5493468640153 OK (wamid.HBgNNTQ5MzQ2OD...)
[96/500] TOLEDO, LAURA -> 5492364660325 OK (wamid.HBgNNTQ5MjM2ND...)
[97/500] GUTIERREZ, MARIELA -> 5492364345038 OK (wamid.HBgNNTQ5MjM2ND...)
[98/500] JAIMEZ, MONICA -> 5493434530347 OK (wamid.HBgNNTQ5MzQzND...)
[99/500] BOUDER, MARTIN -> 5492364302230 OK (wamid.HBgNNTQ5MjM2ND...)
[100/500] GRECO, HERNAN -> 5492364622850 OK (wamid.HBgNNTQ5MjM2ND...)

--- Pausa de 3 min (cada 100) ---
